<?xml version="1.0" encoding="UTF-8"?>
<testsuite xmlns:xsi="http://www.w3.org/2001/XMLSchema-instance" xsi:noNamespaceSchemaLocation="https://maven.apache.org/surefire/maven-surefire-plugin/xsd/surefire-test-report-3.0.xsd" version="3.0" name="BtaTest" time="24.214" tests="1" errors="0" skipped="0" failures="0">
  <properties>
    <property name="gopherProxySet" value="false"/>
    <property name="awt.toolkit" value="sun.lwawt.macosx.LWCToolkit"/>
    <property name="file.encoding.pkg" value="sun.io"/>
    <property name="java.specification.version" value="1.8"/>
    <property name="sun.cpu.isalist" value=""/>
    <property name="sun.jnu.encoding" value="UTF-8"/>
    <property name="java.class.path" value="/Users/vitamambetova/IdeaProjects/BTA/target/test-classes:/Users/vitamambetova/IdeaProjects/BTA/target/classes:/Users/vitamambetova/.m2/repository/com/codeborne/selenide/5.20.3/selenide-5.20.3.jar:/Users/vitamambetova/.m2/repository/org/rauschig/jarchivelib/1.1.0/jarchivelib-1.1.0.jar:/Users/vitamambetova/.m2/repository/org/apache/commons/commons-compress/1.21/commons-compress-1.21.jar:/Users/vitamambetova/.m2/repository/org/apache/httpcomponents/client5/httpclient5/5.0.3/httpclient5-5.0.3.jar:/Users/vitamambetova/.m2/repository/org/apache/httpcomponents/core5/httpcore5/5.0.2/httpcore5-5.0.2.jar:/Users/vitamambetova/.m2/repository/org/apache/httpcomponents/core5/httpcore5-h2/5.0.2/httpcore5-h2-5.0.2.jar:/Users/vitamambetova/.m2/repository/commons-codec/commons-codec/1.13/commons-codec-1.13.jar:/Users/vitamambetova/.m2/repository/junit/junit/4.13.1/junit-4.13.1.jar:/Users/vitamambetova/.m2/repository/org/hamcrest/hamcrest-core/1.3/hamcrest-core-1.3.jar:/Users/vitamambetova/.m2/repository/org/seleniumhq/selenium/selenium-chrome-driver/3.141.59/selenium-chrome-driver-3.141.59.jar:/Users/vitamambetova/.m2/repository/org/seleniumhq/selenium/selenium-remote-driver/3.141.59/selenium-remote-driver-3.141.59.jar:/Users/vitamambetova/.m2/repository/net/bytebuddy/byte-buddy/1.8.15/byte-buddy-1.8.15.jar:/Users/vitamambetova/.m2/repository/org/apache/commons/commons-exec/1.3/commons-exec-1.3.jar:/Users/vitamambetova/.m2/repository/com/squareup/okhttp3/okhttp/3.11.0/okhttp-3.11.0.jar:/Users/vitamambetova/.m2/repository/com/squareup/okio/okio/1.14.0/okio-1.14.0.jar:/Users/vitamambetova/.m2/repository/org/seleniumhq/selenium/selenium-java/3.141.59/selenium-java-3.141.59.jar:/Users/vitamambetova/.m2/repository/org/seleniumhq/selenium/selenium-edge-driver/3.141.59/selenium-edge-driver-3.141.59.jar:/Users/vitamambetova/.m2/repository/org/seleniumhq/selenium/selenium-firefox-driver/3.141.59/selenium-firefox-driver-3.141.59.jar:/Users/vitamambetova/.m2/repository/org/seleniumhq/selenium/selenium-ie-driver/3.141.59/selenium-ie-driver-3.141.59.jar:/Users/vitamambetova/.m2/repository/org/seleniumhq/selenium/selenium-opera-driver/3.141.59/selenium-opera-driver-3.141.59.jar:/Users/vitamambetova/.m2/repository/org/seleniumhq/selenium/selenium-safari-driver/3.141.59/selenium-safari-driver-3.141.59.jar:/Users/vitamambetova/.m2/repository/org/seleniumhq/selenium/selenium-support/3.141.59/selenium-support-3.141.59.jar:/Users/vitamambetova/.m2/repository/io/github/bonigarcia/webdrivermanager/4.4.3/webdrivermanager-4.4.3.jar:/Users/vitamambetova/.m2/repository/commons-io/commons-io/2.8.0/commons-io-2.8.0.jar:/Users/vitamambetova/.m2/repository/com/google/code/gson/gson/2.8.6/gson-2.8.6.jar:/Users/vitamambetova/.m2/repository/org/apache/commons/commons-lang3/3.12.0/commons-lang3-3.12.0.jar:/Users/vitamambetova/.m2/repository/org/jsoup/jsoup/1.13.1/jsoup-1.13.1.jar:/Users/vitamambetova/.m2/repository/org/seleniumhq/selenium/selenium-api/3.141.59/selenium-api-3.141.59.jar:/Users/vitamambetova/.m2/repository/org/apache/logging/log4j/log4j-core/2.11.1/log4j-core-2.11.1.jar:/Users/vitamambetova/.m2/repository/org/apache/logging/log4j/log4j-api/2.11.1/log4j-api-2.11.1.jar:/Users/vitamambetova/.m2/repository/org/slf4j/slf4j-api/1.7.36/slf4j-api-1.7.36.jar:/Users/vitamambetova/.m2/repository/org/slf4j/slf4j-simple/1.7.36/slf4j-simple-1.7.36.jar:/Users/vitamambetova/.m2/repository/com/typesafe/config/1.3.1/config-1.3.1.jar:/Users/vitamambetova/.m2/repository/io/qameta/allure/allure-junit4/2.13.8/allure-junit4-2.13.8.jar:/Users/vitamambetova/.m2/repository/io/qameta/allure/allure-java-commons/2.13.8/allure-java-commons-2.13.8.jar:/Users/vitamambetova/.m2/repository/io/qameta/allure/allure-model/2.13.8/allure-model-2.13.8.jar:/Users/vitamambetova/.m2/repository/com/fasterxml/jackson/core/jackson-databind/2.11.3/jackson-databind-2.11.3.jar:/Users/vitamambetova/.m2/repository/com/fasterxml/jackson/core/jackson-annotations/2.11.3/jackson-annotations-2.11.3.jar:/Users/vitamambetova/.m2/repository/com/fasterxml/jackson/core/jackson-core/2.11.3/jackson-core-2.11.3.jar:/Users/vitamambetova/.m2/repository/org/apache/tika/tika-core/1.24.1/tika-core-1.24.1.jar:/Users/vitamambetova/.m2/repository/org/jooq/joor-java-8/0.9.13/joor-java-8-0.9.13.jar:/Users/vitamambetova/.m2/repository/io/qameta/allure/allure-selenide/2.13.8/allure-selenide-2.13.8.jar:/Users/vitamambetova/.m2/repository/com/codeborne/selenide-junit4/6.2.0/selenide-junit4-6.2.0.jar:/Users/vitamambetova/.m2/repository/com/google/guava/guava/31.1-jre/guava-31.1-jre.jar:/Users/vitamambetova/.m2/repository/com/google/guava/failureaccess/1.0.1/failureaccess-1.0.1.jar:/Users/vitamambetova/.m2/repository/com/google/guava/listenablefuture/9999.0-empty-to-avoid-conflict-with-guava/listenablefuture-9999.0-empty-to-avoid-conflict-with-guava.jar:/Users/vitamambetova/.m2/repository/com/google/code/findbugs/jsr305/3.0.2/jsr305-3.0.2.jar:/Users/vitamambetova/.m2/repository/org/checkerframework/checker-qual/3.12.0/checker-qual-3.12.0.jar:/Users/vitamambetova/.m2/repository/com/google/errorprone/error_prone_annotations/2.11.0/error_prone_annotations-2.11.0.jar:/Users/vitamambetova/.m2/repository/com/google/j2objc/j2objc-annotations/1.3/j2objc-annotations-1.3.jar:/Users/vitamambetova/.m2/repository/com/codeborne/pdf-test/1.7.0/pdf-test-1.7.0.jar:/Users/vitamambetova/.m2/repository/org/apache/pdfbox/pdfbox/2.0.24/pdfbox-2.0.24.jar:/Users/vitamambetova/.m2/repository/org/apache/pdfbox/fontbox/2.0.24/fontbox-2.0.24.jar:/Users/vitamambetova/.m2/repository/commons-logging/commons-logging/1.2/commons-logging-1.2.jar:/Users/vitamambetova/.m2/repository/org/assertj/assertj-core/3.21.0/assertj-core-3.21.0.jar:/Users/vitamambetova/.m2/repository/com/codeborne/xls-test/1.5.0/xls-test-1.5.0.jar:/Users/vitamambetova/.m2/repository/net/sf/jxls/jxls-core/1.0.6/jxls-core-1.0.6.jar:/Users/vitamambetova/.m2/repository/commons-beanutils/commons-beanutils/1.8.2/commons-beanutils-1.8.2.jar:/Users/vitamambetova/.m2/repository/commons-collections/commons-collections/3.2.1/commons-collections-3.2.1.jar:/Users/vitamambetova/.m2/repository/commons-digester/commons-digester/2.0/commons-digester-2.0.jar:/Users/vitamambetova/.m2/repository/net/sf/jxls/jxls-reader/1.0.6/jxls-reader-1.0.6.jar:/Users/vitamambetova/.m2/repository/org/apache/commons/commons-jexl/2.1.1/commons-jexl-2.1.1.jar:/Users/vitamambetova/.m2/repository/org/apache/poi/poi/4.1.2/poi-4.1.2.jar:/Users/vitamambetova/.m2/repository/org/apache/commons/commons-collections4/4.4/commons-collections4-4.4.jar:/Users/vitamambetova/.m2/repository/org/apache/commons/commons-math3/3.6.1/commons-math3-3.6.1.jar:/Users/vitamambetova/.m2/repository/com/zaxxer/SparseBitSet/1.2/SparseBitSet-1.2.jar:/Users/vitamambetova/.m2/repository/org/apache/poi/poi-ooxml/4.1.2/poi-ooxml-4.1.2.jar:/Users/vitamambetova/.m2/repository/com/github/virtuald/curvesapi/1.06/curvesapi-1.06.jar:/Users/vitamambetova/.m2/repository/org/apache/poi/poi-ooxml-schemas/4.1.2/poi-ooxml-schemas-4.1.2.jar:/Users/vitamambetova/.m2/repository/org/apache/xmlbeans/xmlbeans/3.1.0/xmlbeans-3.1.0.jar:"/>
    <property name="java.vm.vendor" value="OpenLogic-OpenJDK"/>
    <property name="sun.arch.data.model" value="64"/>
    <property name="java.vendor.url" value="http://java.oracle.com/"/>
    <property name="user.timezone" value="Europe/Riga"/>
    <property name="java.vm.specification.version" value="1.8"/>
    <property name="os.name" value="Mac OS X"/>
    <property name="user.country" value="LV"/>
    <property name="sun.java.launcher" value="SUN_STANDARD"/>
    <property name="sun.boot.library.path" value="/Library/Java/JavaVirtualMachines/openlogic-openjdk-8.jdk/Contents/Home/jre/lib"/>
    <property name="sun.java.command" value="/Users/vitamambetova/IdeaProjects/BTA/target/surefire/surefirebooter6450237618009785880.jar /Users/vitamambetova/IdeaProjects/BTA/target/surefire 2022-04-03T20-50-20_828-jvmRun1 surefire394223764243354106tmp surefire_03060000002393968801tmp"/>
    <property name="http.nonProxyHosts" value="local|*.local|169.254/16|*.169.254/16"/>
    <property name="test" value="BtaTest"/>
    <property name="surefire.test.class.path" value="/Users/vitamambetova/IdeaProjects/BTA/target/test-classes:/Users/vitamambetova/IdeaProjects/BTA/target/classes:/Users/vitamambetova/.m2/repository/com/codeborne/selenide/5.20.3/selenide-5.20.3.jar:/Users/vitamambetova/.m2/repository/org/rauschig/jarchivelib/1.1.0/jarchivelib-1.1.0.jar:/Users/vitamambetova/.m2/repository/org/apache/commons/commons-compress/1.21/commons-compress-1.21.jar:/Users/vitamambetova/.m2/repository/org/apache/httpcomponents/client5/httpclient5/5.0.3/httpclient5-5.0.3.jar:/Users/vitamambetova/.m2/repository/org/apache/httpcomponents/core5/httpcore5/5.0.2/httpcore5-5.0.2.jar:/Users/vitamambetova/.m2/repository/org/apache/httpcomponents/core5/httpcore5-h2/5.0.2/httpcore5-h2-5.0.2.jar:/Users/vitamambetova/.m2/repository/commons-codec/commons-codec/1.13/commons-codec-1.13.jar:/Users/vitamambetova/.m2/repository/junit/junit/4.13.1/junit-4.13.1.jar:/Users/vitamambetova/.m2/repository/org/hamcrest/hamcrest-core/1.3/hamcrest-core-1.3.jar:/Users/vitamambetova/.m2/repository/org/seleniumhq/selenium/selenium-chrome-driver/3.141.59/selenium-chrome-driver-3.141.59.jar:/Users/vitamambetova/.m2/repository/org/seleniumhq/selenium/selenium-remote-driver/3.141.59/selenium-remote-driver-3.141.59.jar:/Users/vitamambetova/.m2/repository/net/bytebuddy/byte-buddy/1.8.15/byte-buddy-1.8.15.jar:/Users/vitamambetova/.m2/repository/org/apache/commons/commons-exec/1.3/commons-exec-1.3.jar:/Users/vitamambetova/.m2/repository/com/squareup/okhttp3/okhttp/3.11.0/okhttp-3.11.0.jar:/Users/vitamambetova/.m2/repository/com/squareup/okio/okio/1.14.0/okio-1.14.0.jar:/Users/vitamambetova/.m2/repository/org/seleniumhq/selenium/selenium-java/3.141.59/selenium-java-3.141.59.jar:/Users/vitamambetova/.m2/repository/org/seleniumhq/selenium/selenium-edge-driver/3.141.59/selenium-edge-driver-3.141.59.jar:/Users/vitamambetova/.m2/repository/org/seleniumhq/selenium/selenium-firefox-driver/3.141.59/selenium-firefox-driver-3.141.59.jar:/Users/vitamambetova/.m2/repository/org/seleniumhq/selenium/selenium-ie-driver/3.141.59/selenium-ie-driver-3.141.59.jar:/Users/vitamambetova/.m2/repository/org/seleniumhq/selenium/selenium-opera-driver/3.141.59/selenium-opera-driver-3.141.59.jar:/Users/vitamambetova/.m2/repository/org/seleniumhq/selenium/selenium-safari-driver/3.141.59/selenium-safari-driver-3.141.59.jar:/Users/vitamambetova/.m2/repository/org/seleniumhq/selenium/selenium-support/3.141.59/selenium-support-3.141.59.jar:/Users/vitamambetova/.m2/repository/io/github/bonigarcia/webdrivermanager/4.4.3/webdrivermanager-4.4.3.jar:/Users/vitamambetova/.m2/repository/commons-io/commons-io/2.8.0/commons-io-2.8.0.jar:/Users/vitamambetova/.m2/repository/com/google/code/gson/gson/2.8.6/gson-2.8.6.jar:/Users/vitamambetova/.m2/repository/org/apache/commons/commons-lang3/3.12.0/commons-lang3-3.12.0.jar:/Users/vitamambetova/.m2/repository/org/jsoup/jsoup/1.13.1/jsoup-1.13.1.jar:/Users/vitamambetova/.m2/repository/org/seleniumhq/selenium/selenium-api/3.141.59/selenium-api-3.141.59.jar:/Users/vitamambetova/.m2/repository/org/apache/logging/log4j/log4j-core/2.11.1/log4j-core-2.11.1.jar:/Users/vitamambetova/.m2/repository/org/apache/logging/log4j/log4j-api/2.11.1/log4j-api-2.11.1.jar:/Users/vitamambetova/.m2/repository/org/slf4j/slf4j-api/1.7.36/slf4j-api-1.7.36.jar:/Users/vitamambetova/.m2/repository/org/slf4j/slf4j-simple/1.7.36/slf4j-simple-1.7.36.jar:/Users/vitamambetova/.m2/repository/com/typesafe/config/1.3.1/config-1.3.1.jar:/Users/vitamambetova/.m2/repository/io/qameta/allure/allure-junit4/2.13.8/allure-junit4-2.13.8.jar:/Users/vitamambetova/.m2/repository/io/qameta/allure/allure-java-commons/2.13.8/allure-java-commons-2.13.8.jar:/Users/vitamambetova/.m2/repository/io/qameta/allure/allure-model/2.13.8/allure-model-2.13.8.jar:/Users/vitamambetova/.m2/repository/com/fasterxml/jackson/core/jackson-databind/2.11.3/jackson-databind-2.11.3.jar:/Users/vitamambetova/.m2/repository/com/fasterxml/jackson/core/jackson-annotations/2.11.3/jackson-annotations-2.11.3.jar:/Users/vitamambetova/.m2/repository/com/fasterxml/jackson/core/jackson-core/2.11.3/jackson-core-2.11.3.jar:/Users/vitamambetova/.m2/repository/org/apache/tika/tika-core/1.24.1/tika-core-1.24.1.jar:/Users/vitamambetova/.m2/repository/org/jooq/joor-java-8/0.9.13/joor-java-8-0.9.13.jar:/Users/vitamambetova/.m2/repository/io/qameta/allure/allure-selenide/2.13.8/allure-selenide-2.13.8.jar:/Users/vitamambetova/.m2/repository/com/codeborne/selenide-junit4/6.2.0/selenide-junit4-6.2.0.jar:/Users/vitamambetova/.m2/repository/com/google/guava/guava/31.1-jre/guava-31.1-jre.jar:/Users/vitamambetova/.m2/repository/com/google/guava/failureaccess/1.0.1/failureaccess-1.0.1.jar:/Users/vitamambetova/.m2/repository/com/google/guava/listenablefuture/9999.0-empty-to-avoid-conflict-with-guava/listenablefuture-9999.0-empty-to-avoid-conflict-with-guava.jar:/Users/vitamambetova/.m2/repository/com/google/code/findbugs/jsr305/3.0.2/jsr305-3.0.2.jar:/Users/vitamambetova/.m2/repository/org/checkerframework/checker-qual/3.12.0/checker-qual-3.12.0.jar:/Users/vitamambetova/.m2/repository/com/google/errorprone/error_prone_annotations/2.11.0/error_prone_annotations-2.11.0.jar:/Users/vitamambetova/.m2/repository/com/google/j2objc/j2objc-annotations/1.3/j2objc-annotations-1.3.jar:/Users/vitamambetova/.m2/repository/com/codeborne/pdf-test/1.7.0/pdf-test-1.7.0.jar:/Users/vitamambetova/.m2/repository/org/apache/pdfbox/pdfbox/2.0.24/pdfbox-2.0.24.jar:/Users/vitamambetova/.m2/repository/org/apache/pdfbox/fontbox/2.0.24/fontbox-2.0.24.jar:/Users/vitamambetova/.m2/repository/commons-logging/commons-logging/1.2/commons-logging-1.2.jar:/Users/vitamambetova/.m2/repository/org/assertj/assertj-core/3.21.0/assertj-core-3.21.0.jar:/Users/vitamambetova/.m2/repository/com/codeborne/xls-test/1.5.0/xls-test-1.5.0.jar:/Users/vitamambetova/.m2/repository/net/sf/jxls/jxls-core/1.0.6/jxls-core-1.0.6.jar:/Users/vitamambetova/.m2/repository/commons-beanutils/commons-beanutils/1.8.2/commons-beanutils-1.8.2.jar:/Users/vitamambetova/.m2/repository/commons-collections/commons-collections/3.2.1/commons-collections-3.2.1.jar:/Users/vitamambetova/.m2/repository/commons-digester/commons-digester/2.0/commons-digester-2.0.jar:/Users/vitamambetova/.m2/repository/net/sf/jxls/jxls-reader/1.0.6/jxls-reader-1.0.6.jar:/Users/vitamambetova/.m2/repository/org/apache/commons/commons-jexl/2.1.1/commons-jexl-2.1.1.jar:/Users/vitamambetova/.m2/repository/org/apache/poi/poi/4.1.2/poi-4.1.2.jar:/Users/vitamambetova/.m2/repository/org/apache/commons/commons-collections4/4.4/commons-collections4-4.4.jar:/Users/vitamambetova/.m2/repository/org/apache/commons/commons-math3/3.6.1/commons-math3-3.6.1.jar:/Users/vitamambetova/.m2/repository/com/zaxxer/SparseBitSet/1.2/SparseBitSet-1.2.jar:/Users/vitamambetova/.m2/repository/org/apache/poi/poi-ooxml/4.1.2/poi-ooxml-4.1.2.jar:/Users/vitamambetova/.m2/repository/com/github/virtuald/curvesapi/1.06/curvesapi-1.06.jar:/Users/vitamambetova/.m2/repository/org/apache/poi/poi-ooxml-schemas/4.1.2/poi-ooxml-schemas-4.1.2.jar:/Users/vitamambetova/.m2/repository/org/apache/xmlbeans/xmlbeans/3.1.0/xmlbeans-3.1.0.jar:"/>
    <property name="sun.cpu.endian" value="little"/>
    <property name="allure.results.directory" value="/Users/vitamambetova/IdeaProjects/BTA/target/allure-results"/>
    <property name="user.home" value="/Users/vitamambetova"/>
    <property name="user.language" value="en"/>
    <property name="java.specification.vendor" value="Oracle Corporation"/>
    <property name="java.home" value="/Library/Java/JavaVirtualMachines/openlogic-openjdk-8.jdk/Contents/Home/jre"/>
    <property name="basedir" value="/Users/vitamambetova/IdeaProjects/BTA"/>
    <property name="file.separator" value="/"/>
    <property name="line.separator" value="&#10;"/>
    <property name="java.vm.specification.vendor" value="Oracle Corporation"/>
    <property name="java.specification.name" value="Java Platform API Specification"/>
    <property name="java.awt.graphicsenv" value="sun.awt.CGraphicsEnvironment"/>
    <property name="surefire.real.class.path" value="/Users/vitamambetova/IdeaProjects/BTA/target/surefire/surefirebooter6450237618009785880.jar:/Users/vitamambetova/.m2/repository/org/aspectj/aspectjweaver/1.9.8/aspectjweaver-1.9.8.jar"/>
    <property name="sun.boot.class.path" value="/Library/Java/JavaVirtualMachines/openlogic-openjdk-8.jdk/Contents/Home/jre/lib/resources.jar:/Library/Java/JavaVirtualMachines/openlogic-openjdk-8.jdk/Contents/Home/jre/lib/rt.jar:/Library/Java/JavaVirtualMachines/openlogic-openjdk-8.jdk/Contents/Home/jre/lib/sunrsasign.jar:/Library/Java/JavaVirtualMachines/openlogic-openjdk-8.jdk/Contents/Home/jre/lib/jsse.jar:/Library/Java/JavaVirtualMachines/openlogic-openjdk-8.jdk/Contents/Home/jre/lib/jce.jar:/Library/Java/JavaVirtualMachines/openlogic-openjdk-8.jdk/Contents/Home/jre/lib/charsets.jar:/Library/Java/JavaVirtualMachines/openlogic-openjdk-8.jdk/Contents/Home/jre/lib/jfr.jar:/Library/Java/JavaVirtualMachines/openlogic-openjdk-8.jdk/Contents/Home/jre/classes"/>
    <property name="sun.management.compiler" value="HotSpot 64-Bit Tiered Compilers"/>
    <property name="ftp.nonProxyHosts" value="local|*.local|169.254/16|*.169.254/16"/>
    <property name="java.runtime.version" value="1.8.0_262-internal-b10"/>
    <property name="user.name" value="vitamambetova"/>
    <property name="path.separator" value=":"/>
    <property name="os.version" value="10.16"/>
    <property name="java.endorsed.dirs" value="/Library/Java/JavaVirtualMachines/openlogic-openjdk-8.jdk/Contents/Home/jre/lib/endorsed"/>
    <property name="java.runtime.name" value="OpenJDK Runtime Environment"/>
    <property name="file.encoding" value="UTF-8"/>
    <property name="java.vm.name" value="OpenJDK 64-Bit Server VM"/>
    <property name="localRepository" value="/Users/vitamambetova/.m2/repository"/>
    <property name="java.vendor.url.bug" value="http://bugreport.sun.com/bugreport/"/>
    <property name="java.io.tmpdir" value="/var/folders/5l/8bfhvk0d5yqg5t2r7nfy0k3h0000gn/T/"/>
    <property name="java.version" value="1.8.0_262-internal"/>
    <property name="user.dir" value="/Users/vitamambetova/IdeaProjects/BTA"/>
    <property name="os.arch" value="x86_64"/>
    <property name="java.vm.specification.name" value="Java Virtual Machine Specification"/>
    <property name="java.awt.printerjob" value="sun.lwawt.macosx.CPrinterJob"/>
    <property name="sun.os.patch.level" value="unknown"/>
    <property name="java.library.path" value="/Users/vitamambetova/Library/Java/Extensions:/Library/Java/Extensions:/Network/Library/Java/Extensions:/System/Library/Java/Extensions:/usr/lib/java:."/>
    <property name="java.vm.info" value="mixed mode"/>
    <property name="java.vendor" value="OpenLogic-OpenJDK"/>
    <property name="java.vm.version" value="25.262-b10"/>
    <property name="java.ext.dirs" value="/Users/vitamambetova/Library/Java/Extensions:/Library/Java/JavaVirtualMachines/openlogic-openjdk-8.jdk/Contents/Home/jre/lib/ext:/Library/Java/Extensions:/Network/Library/Java/Extensions:/System/Library/Java/Extensions:/usr/lib/java"/>
    <property name="sun.io.unicode.encoding" value="UnicodeBig"/>
    <property name="java.class.version" value="52.0"/>
    <property name="socksNonProxyHosts" value="local|*.local|169.254/16|*.169.254/16"/>
  </properties>
  <testcase name="insurancePolicyTest" classname="BtaTest" time="23.806">
    <system-err><![CDATA[[main] INFO io.github.bonigarcia.wdm.WebDriverManager - Using chromedriver 100.0.4896.60 (resolved driver for Chrome 100)
[main] INFO io.github.bonigarcia.wdm.WebDriverManager - Exporting webdriver.chrome.driver as /Users/vitamambetova/.cache/selenium/chromedriver/mac64/100.0.4896.60/chromedriver
[main] INFO com.codeborne.selenide.impl.WebDriverThreadLocalContainer - No webdriver is bound to current thread: 1 - let's create a new webdriver
[main] INFO com.codeborne.selenide.impl.FileHelper - Creating folder: /Users/vitamambetova/IdeaProjects/BTA/build/downloads/1649008226624_30588_1
Starting ChromeDriver 100.0.4896.60 (6a5d10861ce8de5fce22564658033b43cb7de047-refs/branch-heads/4896@{#875}) on port 48652
Only local connections are allowed.
Please see https://chromedriver.chromium.org/security-considerations for suggestions on keeping ChromeDriver safe.
ChromeDriver was started successfully.
Apr 03, 2022 8:50:33 PM org.openqa.selenium.remote.ProtocolHandshake createSession
INFO: Detected dialect: W3C
[main] INFO com.codeborne.selenide.webdriver.BrowserResizer - Set browser size to 1920x1080
[main] INFO com.codeborne.selenide.webdriver.WebDriverFactory - BrowserName=chrome Version=100.0.4896.60 Platform=MAC
[main] INFO com.codeborne.selenide.webdriver.WebDriverFactory - Selenide v. 5.20.3
[main] INFO com.codeborne.selenide.webdriver.WebDriverFactory - Selenium WebDriver v. 3.141.59 build time: 2018-11-14T08:17:03
[main] INFO com.codeborne.selenide.drivercommands.CreateDriverCommand - Create webdriver in current thread 1: ChromeDriver -> ChromeDriver: chrome on MAC (693ab39f28ad10b1a541f1e7b80c949f)
[main] INFO BtaTest - Atvērt BTA portālu un pārvietoties uz ceļojuma polišu iegādes formu
[main] INFO BtaTest - Nomainīt ceļojumā mērķi uz Indija izmantojot “Izvēlies valstis un Pārbaudīt vai ceļojuma mērķis ir nomainīts
[main] INFO BtaTest - Nomainīt  aktivitāti uz “Sports” Pārbaudīt vai aktivitāte nomainīta
[main] INFO BtaTest - Pārvietoties uz otro soli
[main] INFO BtaTest - Izvēlēties Optimal un Atvērt ”Apskati, kas ir apdrošināts” izvēlētajai programmai, kā arī pārbaudīt vai uzlecošā forma ir atvērusies
[main] INFO BtaTest - Aizvērt, pārvietoties uz nākamo soli un pārbaudīt vai ceļotāja lauki ir redzami un tie ir tukši
[main] INFO com.codeborne.selenide.drivercommands.CloseDriverCommand - Close webdriver: 1 -> ChromeDriver: chrome on MAC (693ab39f28ad10b1a541f1e7b80c949f)...
[main] INFO com.codeborne.selenide.drivercommands.CloseDriverCommand - Closed webdriver 1 in 314 ms
]]></system-err>
  </testcase>
</testsuite>